# JRE version: OpenJDK Runtime Environment (11.0.6+10) (build 11.0.6+10-post-Ubuntu-1ubuntu118.04.1)
# Java VM: OpenJDK 64-Bit Server VM (11.0.6+10-post-Ubuntu-1ubuntu118.04.1, mixed mode, sharing, tiered, compressed oops, g1 gc, linux-amd64)
Heap:
 garbage-first heap   total 264192K, used 198701K [0x00000000e0000000, 0x0000000100000000)
  region size 1024K, 33 young (33792K), 4 survivors (4096K)
 Metaspace       used 110915K, capacity 114329K, committed 115328K, reserved 354304K
  class space    used 13533K, capacity 14736K, committed 15052K, reserved 253952K
GC Heap History (20 events):
Event: 4984,135 GC heap before
{Heap before GC invocations=42 (full 0):
 garbage-first heap   total 264192K, used 211253K [0x00000000e0000000, 0x0000000100000000)
  region size 1024K, 79 young (80896K), 7 survivors (7168K)
 Metaspace       used 107558K, capacity 110815K, committed 112256K, reserved 352256K
  class space    used 13215K, capacity 14324K, committed 14796K, reserved 253952K
}
Event: 4984,156 GC heap after
{Heap after GC invocations=43 (full 0):
 garbage-first heap   total 264192K, used 133871K [0x00000000e0000000, 0x0000000100000000)
  region size 1024K, 4 young (4096K), 4 survivors (4096K)
 Metaspace       used 107558K, capacity 110815K, committed 112256K, reserved 352256K
  class space    used 13215K, capacity 14324K, committed 14796K, reserved 253952K
}
Event: 4984,228 GC heap before
{Heap before GC invocations=43 (full 0):
 garbage-first heap   total 264192K, used 143087K [0x00000000e0000000, 0x0000000100000000)
  region size 1024K, 12 young (12288K), 4 survivors (4096K)
 Metaspace       used 107561K, capacity 110815K, committed 112256K, reserved 352256K
  class space    used 13215K, capacity 14324K, committed 14796K, reserved 253952K
}
Event: 4984,276 GC heap after
{Heap after GC invocations=44 (full 0):
 garbage-first heap   total 264192K, used 125343K [0x00000000e0000000, 0x0000000100000000)
  region size 1024K, 2 young (2048K), 2 survivors (2048K)
 Metaspace       used 107561K, capacity 110815K, committed 112256K, reserved 352256K
  class space    used 13215K, capacity 14324K, committed 14796K, reserved 253952K
}
Event: 4990,496 GC heap before
{Heap before GC invocations=44 (full 0):
 garbage-first heap   total 264192K, used 207263K [0x00000000e0000000, 0x0000000100000000)
  region size 1024K, 82 young (83968K), 2 survivors (2048K)
 Metaspace       used 108652K, capacity 111959K, committed 113408K, reserved 354304K
  class space    used 13312K, capacity 14425K, committed 14924K, reserved 253952K
}
Event: 4990,575 GC heap after
{Heap after GC invocations=45 (full 0):
 garbage-first heap   total 264192K, used 143005K [0x00000000e0000000, 0x0000000100000000)
  region size 1024K, 11 young (11264K), 11 survivors (11264K)
 Metaspace       used 108652K, capacity 111959K, committed 113408K, reserved 354304K
  class space    used 13312K, capacity 14425K, committed 14924K, reserved 253952K
}
Event: 4995,464 GC heap before
{Heap before GC invocations=45 (full 0):
 garbage-first heap   total 264192K, used 218781K [0x00000000e0000000, 0x0000000100000000)
  region size 1024K, 75 young (76800K), 11 survivors (11264K)
 Metaspace       used 109224K, capacity 112547K, committed 113920K, reserved 354304K
  class space    used 13368K, capacity 14524K, committed 14924K, reserved 253952K
}
Event: 4995,526 GC heap after
{Heap after GC invocations=46 (full 0):
 garbage-first heap   total 264192K, used 150030K [0x00000000e0000000, 0x0000000100000000)
  region size 1024K, 7 young (7168K), 7 survivors (7168K)
 Metaspace       used 109224K, capacity 112547K, committed 113920K, reserved 354304K
  class space    used 13368K, capacity 14524K, committed 14924K, reserved 253952K
}
Event: 5012,409 GC heap before
{Heap before GC invocations=46 (full 0):
 garbage-first heap   total 264192K, used 213518K [0x00000000e0000000, 0x0000000100000000)
  region size 1024K, 67 young (68608K), 7 survivors (7168K)
 Metaspace       used 109596K, capacity 113039K, committed 114304K, reserved 354304K
  class space    used 13405K, capacity 14593K, committed 15052K, reserved 253952K
}
Event: 5012,432 GC heap after
{Heap after GC invocations=47 (full 0):
 garbage-first heap   total 264192K, used 156557K [0x00000000e0000000, 0x0000000100000000)
  region size 1024K, 7 young (7168K), 7 survivors (7168K)
 Metaspace       used 109596K, capacity 113039K, committed 114304K, reserved 354304K
  class space    used 13405K, capacity 14593K, committed 15052K, reserved 253952K
}
Event: 5014,080 GC heap before
{Heap before GC invocations=47 (full 0):
 garbage-first heap   total 264192K, used 212877K [0x00000000e0000000, 0x0000000100000000)
  region size 1024K, 63 young (64512K), 7 survivors (7168K)
 Metaspace       used 109745K, capacity 113181K, committed 114304K, reserved 354304K
  class space    used 13422K, capacity 14597K, committed 15052K, reserved 253952K
}
Event: 5014,092 GC heap after
{Heap after GC invocations=48 (full 0):
 garbage-first heap   total 264192K, used 152446K [0x00000000e0000000, 0x0000000100000000)
  region size 1024K, 2 young (2048K), 2 survivors (2048K)
 Metaspace       used 109745K, capacity 113181K, committed 114304K, reserved 354304K
  class space    used 13422K, capacity 14597K, committed 15052K, reserved 253952K
}
Event: 5015,288 GC heap before
{Heap before GC invocations=48 (full 0):
 garbage-first heap   total 264192K, used 217982K [0x00000000e0000000, 0x0000000100000000)
  region size 1024K, 64 young (65536K), 2 survivors (2048K)
 Metaspace       used 110417K, capacity 113826K, committed 114816K, reserved 354304K
  class space    used 13509K, capacity 14699K, committed 15052K, reserved 253952K
}
Event: 5015,302 GC heap after
{Heap after GC invocations=49 (full 0):
 garbage-first heap   total 264192K, used 158596K [0x00000000e0000000, 0x0000000100000000)
  region size 1024K, 6 young (6144K), 6 survivors (6144K)
 Metaspace       used 110417K, capacity 113826K, committed 114816K, reserved 354304K
  class space    used 13509K, capacity 14699K, committed 15052K, reserved 253952K
}
Event: 5015,850 GC heap before
{Heap before GC invocations=49 (full 0):
 garbage-first heap   total 264192K, used 219012K [0x00000000e0000000, 0x0000000100000000)
  region size 1024K, 64 young (65536K), 6 survivors (6144K)
 Metaspace       used 110687K, capacity 114066K, committed 115072K, reserved 354304K
  class space    used 13533K, capacity 14736K, committed 15052K, reserved 253952K
}
Event: 5015,880 GC heap after
{Heap after GC invocations=50 (full 0):
 garbage-first heap   total 264192K, used 164625K [0x00000000e0000000, 0x0000000100000000)
  region size 1024K, 8 young (8192K), 8 survivors (8192K)
 Metaspace       used 110687K, capacity 114066K, committed 115072K, reserved 354304K
  class space    used 13533K, capacity 14736K, committed 15052K, reserved 253952K
}
Event: 5016,275 GC heap before
{Heap before GC invocations=50 (full 0):
 garbage-first heap   total 264192K, used 215825K [0x00000000e0000000, 0x0000000100000000)
  region size 1024K, 59 young (60416K), 8 survivors (8192K)
 Metaspace       used 110742K, capacity 114130K, committed 115072K, reserved 354304K
  class space    used 13533K, capacity 14736K, committed 15052K, reserved 253952K
}
Event: 5016,299 GC heap after
{Heap after GC invocations=51 (full 0):
 garbage-first heap   total 264192K, used 168950K [0x00000000e0000000, 0x0000000100000000)
  region size 1024K, 5 young (5120K), 5 survivors (5120K)
 Metaspace       used 110742K, capacity 114130K, committed 115072K, reserved 354304K
  class space    used 13533K, capacity 14736K, committed 15052K, reserved 253952K
}
Event: 5016,717 GC heap before
{Heap before GC invocations=51 (full 0):
 garbage-first heap   total 264192K, used 219126K [0x00000000e0000000, 0x0000000100000000)
  region size 1024K, 54 young (55296K), 5 survivors (5120K)
 Metaspace       used 110908K, capacity 114329K, committed 115328K, reserved 354304K
  class space    used 13533K, capacity 14736K, committed 15052K, reserved 253952K
}
Event: 5016,734 GC heap after
{Heap after GC invocations=52 (full 0):
 garbage-first heap   total 264192K, used 171053K [0x00000000e0000000, 0x0000000100000000)
  region size 1024K, 4 young (4096K), 4 survivors (4096K)
 Metaspace       used 110908K, capacity 114329K, committed 115328K, reserved 354304K
  class space    used 13533K, capacity 14736K, committed 15052K, reserved 253952K
}

